<?xml version="1.0" encoding="UTF-8"?>
<testsuite xmlns:xsi="http://www.w3.org/2001/XMLSchema-instance" xsi:noNamespaceSchemaLocation="https://maven.apache.org/surefire/maven-surefire-plugin/xsd/surefire-test-report.xsd" name="com.bookstore.BookStoreTest" time="0.06" tests="4" errors="0" skipped="0" failures="0">
  <properties>
[...]
</properties>
  <testcase name="testAddBook" classname="com.bookstore.BookStoreTest" time="0.032"/>
  <testcase name="testSearchBooksByTitle" classname="com.bookstore.BookStoreTest" time="0"/>
  <testcase name="testRemoveBook" classname="com.bookstore.BookStoreTest" time="0"/>
  <testcase name="testSearchBooksByAuthor" classname="com.bookstore.BookStoreTest" time="0.008"/>
</testsuite>